{"name": "参数化用例标题：添加1和2", "status": "failed", "statusDetails": {"message": "AssertionError: assert (1 + 2) == 5", "trace": "param1 = 1, param2 = 2, expected = 5\n\n    @allure.title(\"参数化用例标题：添加{param1}和{param2}\")\n    @pytest.mark.parametrize('param1,param2,expected',[(2,2,4),(1,2,5)])\n    def test_with_param_title(param1,param2,expected):\n>       assert param1 + param2 == expected\nE       assert (1 + 2) == 5\n\ntest_case_01.py:31: AssertionError"}, "start": 1653571842831, "stop": 1653571842831, "uuid": "60fe3841-7d63-4ca8-a3ce-408f5248e81e", "historyId": "946f0468e3c3e227959e7692ca44db80", "testCaseId": "e834b6082ec7eaa669d6b90861a01816", "fullName": "test_case_01#test_with_param_title", "labels": [{"name": "suite", "value": "test_case_01"}, {"name": "host", "value": "LAPTOP-IT6V6FE6"}, {"name": "thread", "value": "22636-MainThread"}, {"name": "framework", "value": "pytest"}, {"name": "language", "value": "cpython3"}, {"name": "package", "value": "test_case_01"}]}